<?xml version="1.0" encoding="UTF-8"?>
<!-- Generated by org.testng.reporters.JUnitXMLReporter -->
<testsuite hostname="DESKTOP-N0HDQ0C" ignored="1" name="homepage" tests="1" failures="0" timestamp="05 Nov 2019 20:41:10 GMT" time="12.914" errors="0">
  <testcase name="burlingtonTitleUrlLogo" time="4.907" classname="burlington.SmokeTest"/>
  <testcase name="burlingtonTopMenuBar" time="0.0" classname="burlington.SmokeTest">
    <ignored/>
  </testcase> <!-- burlingtonTopMenuBar -->
</testsuite> <!-- homepage -->
