<?xml version="1.0" encoding="UTF-8"?>
<!-- Generated by org.testng.reporters.JUnitXMLReporter -->
<testsuite hostname="DESKTOP-N0HDQ0C" ignored="1" name="Default test" tests="1" failures="0" timestamp="05 Nov 2019 21:02:15 GMT" time="11.466" errors="0">
  <testcase name="burlingtonTitleUrlLogo" time="7.87" classname="burlington.SmokeTest"/>
  <testcase name="burlingtonTopMenuBar" time="0.0" classname="burlington.SmokeTest">
    <ignored/>
  </testcase> <!-- burlingtonTopMenuBar -->
</testsuite> <!-- Default test -->
